# JRE version: OpenJDK Runtime Environment Corretto-18.0.2.9.1 (18.0.2+9) (build 18.0.2+9-FR)
# Java VM: OpenJDK 64-Bit Server VM Corretto-18.0.2.9.1 (18.0.2+9-FR, mixed mode, sharing, tiered, compressed oops, compressed class ptrs, g1 gc, bsd-aarch64)
Heap:
 garbage-first heap   total 266240K, used 192678K [0x0000000700000000, 0x0000000800000000)
  region size 2048K, 70 young (143360K), 3 survivors (6144K)
 Metaspace       used 18386K, committed 18752K, reserved 1114112K
  class space    used 2506K, committed 2688K, reserved 1048576K
GC Heap History (20 events):
Event: 6.072 GC heap before
{Heap before GC invocations=2 (full 0):
 garbage-first heap   total 266240K, used 94074K [0x0000000700000000, 0x0000000800000000)
  region size 2048K, 24 young (49152K), 4 survivors (8192K)
 Metaspace       used 16456K, committed 16768K, reserved 1114112K
  class space    used 2362K, committed 2496K, reserved 1048576K
}
Event: 6.074 GC heap after
{Heap after GC invocations=3 (full 0):
 garbage-first heap   total 266240K, used 55899K [0x0000000700000000, 0x0000000800000000)
  region size 2048K, 2 young (4096K), 2 survivors (4096K)
 Metaspace       used 16456K, committed 16768K, reserved 1114112K
  class space    used 2362K, committed 2496K, reserved 1048576K
}
Event: 9.234 GC heap before
{Heap before GC invocations=3 (full 0):
 garbage-first heap   total 266240K, used 117339K [0x0000000700000000, 0x0000000800000000)
  region size 2048K, 32 young (65536K), 2 survivors (4096K)
 Metaspace       used 16918K, committed 17216K, reserved 1114112K
  class space    used 2372K, committed 2496K, reserved 1048576K
}
Event: 9.235 GC heap after
{Heap after GC invocations=4 (full 0):
 garbage-first heap   total 266240K, used 56000K [0x0000000700000000, 0x0000000800000000)
  region size 2048K, 2 young (4096K), 2 survivors (4096K)
 Metaspace       used 16918K, committed 17216K, reserved 1114112K
  class space    used 2372K, committed 2496K, reserved 1048576K
}
Event: 9.721 GC heap before
{Heap before GC invocations=4 (full 0):
 garbage-first heap   total 266240K, used 195264K [0x0000000700000000, 0x0000000800000000)
  region size 2048K, 70 young (143360K), 2 survivors (4096K)
 Metaspace       used 17162K, committed 17472K, reserved 1114112K
  class space    used 2372K, committed 2496K, reserved 1048576K
}
Event: 9.722 GC heap after
{Heap after GC invocations=5 (full 0):
 garbage-first heap   total 266240K, used 55981K [0x0000000700000000, 0x0000000800000000)
  region size 2048K, 2 young (4096K), 2 survivors (4096K)
 Metaspace       used 17162K, committed 17472K, reserved 1114112K
  class space    used 2372K, committed 2496K, reserved 1048576K
}
Event: 10.255 GC heap before
{Heap before GC invocations=5 (full 0):
 garbage-first heap   total 266240K, used 205485K [0x0000000700000000, 0x0000000800000000)
  region size 2048K, 75 young (153600K), 2 survivors (4096K)
 Metaspace       used 17284K, committed 17536K, reserved 1114112K
  class space    used 2372K, committed 2496K, reserved 1048576K
}
Event: 10.256 GC heap after
{Heap after GC invocations=6 (full 0):
 garbage-first heap   total 266240K, used 56010K [0x0000000700000000, 0x0000000800000000)
  region size 2048K, 2 young (4096K), 2 survivors (4096K)
 Metaspace       used 17284K, committed 17536K, reserved 1114112K
  class space    used 2372K, committed 2496K, reserved 1048576K
}
Event: 10.805 GC heap before
{Heap before GC invocations=6 (full 0):
 garbage-first heap   total 266240K, used 207562K [0x0000000700000000, 0x0000000800000000)
  region size 2048K, 76 young (155648K), 2 survivors (4096K)
 Metaspace       used 17340K, committed 17600K, reserved 1114112K
  class space    used 2372K, committed 2496K, reserved 1048576K
}
Event: 10.806 GC heap after
{Heap after GC invocations=7 (full 0):
 garbage-first heap   total 266240K, used 56124K [0x0000000700000000, 0x0000000800000000)
  region size 2048K, 2 young (4096K), 2 survivors (4096K)
 Metaspace       used 17340K, committed 17600K, reserved 1114112K
  class space    used 2372K, committed 2496K, reserved 1048576K
}
Event: 11.340 GC heap before
{Heap before GC invocations=7 (full 0):
 garbage-first heap   total 266240K, used 207676K [0x0000000700000000, 0x0000000800000000)
  region size 2048K, 76 young (155648K), 2 survivors (4096K)
 Metaspace       used 17455K, committed 17792K, reserved 1114112K
  class space    used 2372K, committed 2496K, reserved 1048576K
}
Event: 11.341 GC heap after
{Heap after GC invocations=8 (full 0):
 garbage-first heap   total 266240K, used 56572K [0x0000000700000000, 0x0000000800000000)
  region size 2048K, 2 young (4096K), 2 survivors (4096K)
 Metaspace       used 17455K, committed 17792K, reserved 1114112K
  class space    used 2372K, committed 2496K, reserved 1048576K
}
Event: 11.889 GC heap before
{Heap before GC invocations=8 (full 0):
 garbage-first heap   total 266240K, used 208124K [0x0000000700000000, 0x0000000800000000)
  region size 2048K, 76 young (155648K), 2 survivors (4096K)
 Metaspace       used 17486K, committed 17792K, reserved 1114112K
  class space    used 2372K, committed 2496K, reserved 1048576K
}
Event: 11.889 GC heap after
{Heap after GC invocations=9 (full 0):
 garbage-first heap   total 266240K, used 56264K [0x0000000700000000, 0x0000000800000000)
  region size 2048K, 2 young (4096K), 2 survivors (4096K)
 Metaspace       used 17486K, committed 17792K, reserved 1114112K
  class space    used 2372K, committed 2496K, reserved 1048576K
}
Event: 14.722 GC heap before
{Heap before GC invocations=9 (full 0):
 garbage-first heap   total 266240K, used 207816K [0x0000000700000000, 0x0000000800000000)
  region size 2048K, 76 young (155648K), 2 survivors (4096K)
 Metaspace       used 17645K, committed 17920K, reserved 1114112K
  class space    used 2372K, committed 2496K, reserved 1048576K
}
Event: 14.722 GC heap after
{Heap after GC invocations=10 (full 0):
 garbage-first heap   total 266240K, used 56579K [0x0000000700000000, 0x0000000800000000)
  region size 2048K, 2 young (4096K), 2 survivors (4096K)
 Metaspace       used 17645K, committed 17920K, reserved 1114112K
  class space    used 2372K, committed 2496K, reserved 1048576K
}
Event: 19.021 GC heap before
{Heap before GC invocations=10 (full 0):
 garbage-first heap   total 266240K, used 208131K [0x0000000700000000, 0x0000000800000000)
  region size 2048K, 76 young (155648K), 2 survivors (4096K)
 Metaspace       used 17659K, committed 17984K, reserved 1114112K
  class space    used 2373K, committed 2496K, reserved 1048576K
}
Event: 19.022 GC heap after
{Heap after GC invocations=11 (full 0):
 garbage-first heap   total 266240K, used 57215K [0x0000000700000000, 0x0000000800000000)
  region size 2048K, 3 young (6144K), 3 survivors (6144K)
 Metaspace       used 17659K, committed 17984K, reserved 1114112K
  class space    used 2373K, committed 2496K, reserved 1048576K
}
Event: 23.255 GC heap before
{Heap before GC invocations=11 (full 0):
 garbage-first heap   total 266240K, used 206719K [0x0000000700000000, 0x0000000800000000)
  region size 2048K, 76 young (155648K), 3 survivors (6144K)
 Metaspace       used 17664K, committed 17984K, reserved 1114112K
  class space    used 2373K, committed 2496K, reserved 1048576K
}
Event: 23.257 GC heap after
{Heap after GC invocations=12 (full 0):
 garbage-first heap   total 266240K, used 57510K [0x0000000700000000, 0x0000000800000000)
  region size 2048K, 3 young (6144K), 3 survivors (6144K)
 Metaspace       used 17664K, committed 17984K, reserved 1114112K
  class space    used 2373K, committed 2496K, reserved 1048576K
}

