# JRE version: OpenJDK Runtime Environment Corretto-18.0.2.9.1 (18.0.2+9) (build 18.0.2+9-FR)
# Java VM: OpenJDK 64-Bit Server VM Corretto-18.0.2.9.1 (18.0.2+9-FR, mixed mode, sharing, tiered, compressed oops, compressed class ptrs, g1 gc, bsd-aarch64)
Heap:
 garbage-first heap   total 266240K, used 205288K [0x0000000700000000, 0x0000000800000000)
  region size 2048K, 75 young (153600K), 2 survivors (4096K)
 Metaspace       used 18377K, committed 18688K, reserved 1114112K
  class space    used 2507K, committed 2688K, reserved 1048576K
GC Heap History (16 events):
Event: 4.762 GC heap before
{Heap before GC invocations=0 (full 0):
 garbage-first heap   total 266240K, used 24480K [0x0000000700000000, 0x0000000800000000)
  region size 2048K, 11 young (22528K), 0 survivors (0K)
 Metaspace       used 6406K, committed 6592K, reserved 1114112K
  class space    used 854K, committed 960K, reserved 1048576K
}
Event: 4.763 GC heap after
{Heap after GC invocations=1 (full 0):
 garbage-first heap   total 266240K, used 4524K [0x0000000700000000, 0x0000000800000000)
  region size 2048K, 2 young (4096K), 2 survivors (4096K)
 Metaspace       used 6406K, committed 6592K, reserved 1114112K
  class space    used 854K, committed 960K, reserved 1048576K
}
Event: 10.401 GC heap before
{Heap before GC invocations=1 (full 0):
 garbage-first heap   total 266240K, used 88492K [0x0000000700000000, 0x0000000800000000)
  region size 2048K, 30 young (61440K), 2 survivors (4096K)
 Metaspace       used 15549K, committed 15872K, reserved 1114112K
  class space    used 2231K, committed 2368K, reserved 1048576K
}
Event: 10.405 GC heap after
{Heap after GC invocations=2 (full 0):
 garbage-first heap   total 266240K, used 50232K [0x0000000700000000, 0x0000000800000000)
  region size 2048K, 4 young (8192K), 4 survivors (8192K)
 Metaspace       used 15549K, committed 15872K, reserved 1114112K
  class space    used 2231K, committed 2368K, reserved 1048576K
}
Event: 12.181 GC heap before
{Heap before GC invocations=2 (full 0):
 garbage-first heap   total 266240K, used 95288K [0x0000000700000000, 0x0000000800000000)
  region size 2048K, 24 young (49152K), 4 survivors (8192K)
 Metaspace       used 16364K, committed 16640K, reserved 1114112K
  class space    used 2362K, committed 2496K, reserved 1048576K
}
Event: 12.183 GC heap after
{Heap after GC invocations=3 (full 0):
 garbage-first heap   total 266240K, used 55942K [0x0000000700000000, 0x0000000800000000)
  region size 2048K, 1 young (2048K), 1 survivors (2048K)
 Metaspace       used 16364K, committed 16640K, reserved 1114112K
  class space    used 2362K, committed 2496K, reserved 1048576K
}
Event: 24.897 GC heap before
{Heap before GC invocations=3 (full 0):
 garbage-first heap   total 266240K, used 127622K [0x0000000700000000, 0x0000000800000000)
  region size 2048K, 36 young (73728K), 1 survivors (2048K)
 Metaspace       used 17411K, committed 17728K, reserved 1114112K
  class space    used 2367K, committed 2496K, reserved 1048576K
}
Event: 24.898 GC heap after
{Heap after GC invocations=4 (full 0):
 garbage-first heap   total 266240K, used 56238K [0x0000000700000000, 0x0000000800000000)
  region size 2048K, 1 young (2048K), 1 survivors (2048K)
 Metaspace       used 17411K, committed 17728K, reserved 1114112K
  class space    used 2367K, committed 2496K, reserved 1048576K
}
Event: 34.365 GC heap before
{Heap before GC invocations=4 (full 0):
 garbage-first heap   total 266240K, used 199598K [0x0000000700000000, 0x0000000800000000)
  region size 2048K, 71 young (145408K), 1 survivors (2048K)
 Metaspace       used 17591K, committed 17856K, reserved 1114112K
  class space    used 2375K, committed 2496K, reserved 1048576K
}
Event: 34.366 GC heap after
{Heap after GC invocations=5 (full 0):
 garbage-first heap   total 266240K, used 57455K [0x0000000700000000, 0x0000000800000000)
  region size 2048K, 2 young (4096K), 2 survivors (4096K)
 Metaspace       used 17591K, committed 17856K, reserved 1114112K
  class space    used 2375K, committed 2496K, reserved 1048576K
}
Event: 34.897 GC heap before
{Heap before GC invocations=5 (full 0):
 garbage-first heap   total 266240K, used 202863K [0x0000000700000000, 0x0000000800000000)
  region size 2048K, 73 young (149504K), 2 survivors (4096K)
 Metaspace       used 17594K, committed 17920K, reserved 1114112K
  class space    used 2375K, committed 2496K, reserved 1048576K
}
Event: 34.898 GC heap after
{Heap after GC invocations=6 (full 0):
 garbage-first heap   total 266240K, used 57059K [0x0000000700000000, 0x0000000800000000)
  region size 2048K, 2 young (4096K), 2 survivors (4096K)
 Metaspace       used 17594K, committed 17920K, reserved 1114112K
  class space    used 2375K, committed 2496K, reserved 1048576K
}
Event: 67.715 GC heap before
{Heap before GC invocations=6 (full 0):
 garbage-first heap   total 266240K, used 208611K [0x0000000700000000, 0x0000000800000000)
  region size 2048K, 76 young (155648K), 2 survivors (4096K)
 Metaspace       used 17635K, committed 17920K, reserved 1114112K
  class space    used 2375K, committed 2496K, reserved 1048576K
}
Event: 67.716 GC heap after
{Heap after GC invocations=7 (full 0):
 garbage-first heap   total 266240K, used 57766K [0x0000000700000000, 0x0000000800000000)
  region size 2048K, 2 young (4096K), 2 survivors (4096K)
 Metaspace       used 17635K, committed 17920K, reserved 1114112K
  class space    used 2375K, committed 2496K, reserved 1048576K
}
Event: 68.265 GC heap before
{Heap before GC invocations=7 (full 0):
 garbage-first heap   total 266240K, used 209318K [0x0000000700000000, 0x0000000800000000)
  region size 2048K, 76 young (155648K), 2 survivors (4096K)
 Metaspace       used 17635K, committed 17920K, reserved 1114112K
  class space    used 2375K, committed 2496K, reserved 1048576K
}
Event: 68.266 GC heap after
{Heap after GC invocations=8 (full 0):
 garbage-first heap   total 266240K, used 57832K [0x0000000700000000, 0x0000000800000000)
  region size 2048K, 2 young (4096K), 2 survivors (4096K)
 Metaspace       used 17635K, committed 17920K, reserved 1114112K
  class space    used 2375K, committed 2496K, reserved 1048576K
}

