# JRE version: OpenJDK Runtime Environment Corretto-18.0.2.9.1 (18.0.2+9) (build 18.0.2+9-FR)
# Java VM: OpenJDK 64-Bit Server VM Corretto-18.0.2.9.1 (18.0.2+9-FR, mixed mode, sharing, tiered, compressed oops, compressed class ptrs, g1 gc, bsd-aarch64)
Heap:
 garbage-first heap   total 266240K, used 112885K [0x0000000700000000, 0x0000000800000000)
  region size 2048K, 30 young (61440K), 2 survivors (4096K)
 Metaspace       used 18237K, committed 18496K, reserved 1114112K
  class space    used 2493K, committed 2624K, reserved 1048576K
GC Heap History (16 events):
Event: 4.194 GC heap before
{Heap before GC invocations=0 (full 0):
 garbage-first heap   total 266240K, used 24480K [0x0000000700000000, 0x0000000800000000)
  region size 2048K, 11 young (22528K), 0 survivors (0K)
 Metaspace       used 6264K, committed 6528K, reserved 1114112K
  class space    used 836K, committed 960K, reserved 1048576K
}
Event: 4.195 GC heap after
{Heap after GC invocations=1 (full 0):
 garbage-first heap   total 266240K, used 4586K [0x0000000700000000, 0x0000000800000000)
  region size 2048K, 2 young (4096K), 2 survivors (4096K)
 Metaspace       used 6264K, committed 6528K, reserved 1114112K
  class space    used 836K, committed 960K, reserved 1048576K
}
Event: 7.272 GC heap before
{Heap before GC invocations=1 (full 0):
 garbage-first heap   total 266240K, used 88554K [0x0000000700000000, 0x0000000800000000)
  region size 2048K, 30 young (61440K), 2 survivors (4096K)
 Metaspace       used 15484K, committed 15808K, reserved 1114112K
  class space    used 2229K, committed 2368K, reserved 1048576K
}
Event: 7.275 GC heap after
{Heap after GC invocations=2 (full 0):
 garbage-first heap   total 266240K, used 49821K [0x0000000700000000, 0x0000000800000000)
  region size 2048K, 4 young (8192K), 4 survivors (8192K)
 Metaspace       used 15484K, committed 15808K, reserved 1114112K
  class space    used 2229K, committed 2368K, reserved 1048576K
}
Event: 9.031 GC heap before
{Heap before GC invocations=2 (full 0):
 garbage-first heap   total 266240K, used 94877K [0x0000000700000000, 0x0000000800000000)
  region size 2048K, 24 young (49152K), 4 survivors (8192K)
 Metaspace       used 16348K, committed 16640K, reserved 1114112K
  class space    used 2361K, committed 2496K, reserved 1048576K
}
Event: 9.034 GC heap after
{Heap after GC invocations=3 (full 0):
 garbage-first heap   total 266240K, used 55439K [0x0000000700000000, 0x0000000800000000)
  region size 2048K, 1 young (2048K), 1 survivors (2048K)
 Metaspace       used 16348K, committed 16640K, reserved 1114112K
  class space    used 2361K, committed 2496K, reserved 1048576K
}
Event: 12.206 GC heap before
{Heap before GC invocations=3 (full 0):
 garbage-first heap   total 266240K, used 131215K [0x0000000700000000, 0x0000000800000000)
  region size 2048K, 38 young (77824K), 1 survivors (2048K)
 Metaspace       used 16900K, committed 17216K, reserved 1114112K
  class space    used 2364K, committed 2496K, reserved 1048576K
}
Event: 12.206 GC heap after
{Heap after GC invocations=4 (full 0):
 garbage-first heap   total 266240K, used 55351K [0x0000000700000000, 0x0000000800000000)
  region size 2048K, 1 young (2048K), 1 survivors (2048K)
 Metaspace       used 16900K, committed 17216K, reserved 1114112K
  class space    used 2364K, committed 2496K, reserved 1048576K
}
Event: 42.587 GC heap before
{Heap before GC invocations=4 (full 0):
 garbage-first heap   total 266240K, used 196663K [0x0000000700000000, 0x0000000800000000)
  region size 2048K, 70 young (143360K), 1 survivors (2048K)
 Metaspace       used 17528K, committed 17856K, reserved 1114112K
  class space    used 2371K, committed 2496K, reserved 1048576K
}
Event: 42.588 GC heap after
{Heap after GC invocations=5 (full 0):
 garbage-first heap   total 266240K, used 56472K [0x0000000700000000, 0x0000000800000000)
  region size 2048K, 2 young (4096K), 2 survivors (4096K)
 Metaspace       used 17528K, committed 17856K, reserved 1114112K
  class space    used 2371K, committed 2496K, reserved 1048576K
}
Event: 43.089 GC heap before
{Heap before GC invocations=5 (full 0):
 garbage-first heap   total 266240K, used 201880K [0x0000000700000000, 0x0000000800000000)
  region size 2048K, 73 young (149504K), 2 survivors (4096K)
 Metaspace       used 17535K, committed 17856K, reserved 1114112K
  class space    used 2371K, committed 2496K, reserved 1048576K
}
Event: 43.091 GC heap after
{Heap after GC invocations=6 (full 0):
 garbage-first heap   total 266240K, used 56633K [0x0000000700000000, 0x0000000800000000)
  region size 2048K, 2 young (4096K), 2 survivors (4096K)
 Metaspace       used 17535K, committed 17856K, reserved 1114112K
  class space    used 2371K, committed 2496K, reserved 1048576K
}
Event: 43.640 GC heap before
{Heap before GC invocations=6 (full 0):
 garbage-first heap   total 266240K, used 208185K [0x0000000700000000, 0x0000000800000000)
  region size 2048K, 76 young (155648K), 2 survivors (4096K)
 Metaspace       used 17537K, committed 17856K, reserved 1114112K
  class space    used 2371K, committed 2496K, reserved 1048576K
}
Event: 43.641 GC heap after
{Heap after GC invocations=7 (full 0):
 garbage-first heap   total 266240K, used 56697K [0x0000000700000000, 0x0000000800000000)
  region size 2048K, 2 young (4096K), 2 survivors (4096K)
 Metaspace       used 17537K, committed 17856K, reserved 1114112K
  class space    used 2371K, committed 2496K, reserved 1048576K
}
Event: 139.588 GC heap before
{Heap before GC invocations=7 (full 0):
 garbage-first heap   total 266240K, used 208249K [0x0000000700000000, 0x0000000800000000)
  region size 2048K, 76 young (155648K), 2 survivors (4096K)
 Metaspace       used 17561K, committed 17856K, reserved 1114112K
  class space    used 2371K, committed 2496K, reserved 1048576K
}
Event: 139.593 GC heap after
{Heap after GC invocations=8 (full 0):
 garbage-first heap   total 266240K, used 57589K [0x0000000700000000, 0x0000000800000000)
  region size 2048K, 2 young (4096K), 2 survivors (4096K)
 Metaspace       used 17561K, committed 17856K, reserved 1114112K
  class space    used 2371K, committed 2496K, reserved 1048576K
}

