# JRE version: OpenJDK Runtime Environment Corretto-18.0.2.9.1 (18.0.2+9) (build 18.0.2+9-FR)
# Java VM: OpenJDK 64-Bit Server VM Corretto-18.0.2.9.1 (18.0.2+9-FR, mixed mode, sharing, tiered, compressed oops, compressed class ptrs, g1 gc, bsd-aarch64)
Heap:
 garbage-first heap   total 266240K, used 101756K [0x0000000700000000, 0x0000000800000000)
  region size 2048K, 32 young (65536K), 2 survivors (4096K)
 Metaspace       used 18283K, committed 18560K, reserved 1114112K
  class space    used 2497K, committed 2624K, reserved 1048576K
GC Heap History (20 events):
Event: 10.002 GC heap before
{Heap before GC invocations=4 (full 0):
 garbage-first heap   total 266240K, used 193245K [0x0000000700000000, 0x0000000800000000)
  region size 2048K, 76 young (155648K), 2 survivors (4096K)
 Metaspace       used 17196K, committed 17536K, reserved 1114112K
  class space    used 2373K, committed 2496K, reserved 1048576K
}
Event: 10.002 GC heap after
{Heap after GC invocations=5 (full 0):
 garbage-first heap   total 266240K, used 42124K [0x0000000700000000, 0x0000000800000000)
  region size 2048K, 2 young (4096K), 2 survivors (4096K)
 Metaspace       used 17196K, committed 17536K, reserved 1114112K
  class space    used 2373K, committed 2496K, reserved 1048576K
}
Event: 10.537 GC heap before
{Heap before GC invocations=5 (full 0):
 garbage-first heap   total 266240K, used 193676K [0x0000000700000000, 0x0000000800000000)
  region size 2048K, 76 young (155648K), 2 survivors (4096K)
 Metaspace       used 17296K, committed 17600K, reserved 1114112K
  class space    used 2374K, committed 2496K, reserved 1048576K
}
Event: 10.538 GC heap after
{Heap after GC invocations=6 (full 0):
 garbage-first heap   total 266240K, used 41800K [0x0000000700000000, 0x0000000800000000)
  region size 2048K, 2 young (4096K), 2 survivors (4096K)
 Metaspace       used 17296K, committed 17600K, reserved 1114112K
  class space    used 2374K, committed 2496K, reserved 1048576K
}
Event: 11.086 GC heap before
{Heap before GC invocations=6 (full 0):
 garbage-first heap   total 266240K, used 193352K [0x0000000700000000, 0x0000000800000000)
  region size 2048K, 76 young (155648K), 2 survivors (4096K)
 Metaspace       used 17398K, committed 17664K, reserved 1114112K
  class space    used 2374K, committed 2496K, reserved 1048576K
}
Event: 11.086 GC heap after
{Heap after GC invocations=7 (full 0):
 garbage-first heap   total 266240K, used 41887K [0x0000000700000000, 0x0000000800000000)
  region size 2048K, 2 young (4096K), 2 survivors (4096K)
 Metaspace       used 17398K, committed 17664K, reserved 1114112K
  class space    used 2374K, committed 2496K, reserved 1048576K
}
Event: 11.669 GC heap before
{Heap before GC invocations=7 (full 0):
 garbage-first heap   total 266240K, used 193439K [0x0000000700000000, 0x0000000800000000)
  region size 2048K, 76 young (155648K), 2 survivors (4096K)
 Metaspace       used 17453K, committed 17728K, reserved 1114112K
  class space    used 2377K, committed 2496K, reserved 1048576K
}
Event: 11.670 GC heap after
{Heap after GC invocations=8 (full 0):
 garbage-first heap   total 266240K, used 41994K [0x0000000700000000, 0x0000000800000000)
  region size 2048K, 2 young (4096K), 2 survivors (4096K)
 Metaspace       used 17453K, committed 17728K, reserved 1114112K
  class space    used 2377K, committed 2496K, reserved 1048576K
}
Event: 12.219 GC heap before
{Heap before GC invocations=8 (full 0):
 garbage-first heap   total 266240K, used 193546K [0x0000000700000000, 0x0000000800000000)
  region size 2048K, 76 young (155648K), 2 survivors (4096K)
 Metaspace       used 17461K, committed 17728K, reserved 1114112K
  class space    used 2377K, committed 2496K, reserved 1048576K
}
Event: 12.220 GC heap after
{Heap after GC invocations=9 (full 0):
 garbage-first heap   total 266240K, used 42621K [0x0000000700000000, 0x0000000800000000)
  region size 2048K, 3 young (6144K), 3 survivors (6144K)
 Metaspace       used 17461K, committed 17728K, reserved 1114112K
  class space    used 2377K, committed 2496K, reserved 1048576K
}
Event: 13.068 GC heap before
{Heap before GC invocations=9 (full 0):
 garbage-first heap   total 266240K, used 192125K [0x0000000700000000, 0x0000000800000000)
  region size 2048K, 76 young (155648K), 3 survivors (6144K)
 Metaspace       used 17537K, committed 17792K, reserved 1114112K
  class space    used 2377K, committed 2496K, reserved 1048576K
}
Event: 13.070 GC heap after
{Heap after GC invocations=10 (full 0):
 garbage-first heap   total 266240K, used 42080K [0x0000000700000000, 0x0000000800000000)
  region size 2048K, 2 young (4096K), 2 survivors (4096K)
 Metaspace       used 17537K, committed 17792K, reserved 1114112K
  class space    used 2377K, committed 2496K, reserved 1048576K
}
Event: 13.603 GC heap before
{Heap before GC invocations=10 (full 0):
 garbage-first heap   total 266240K, used 193632K [0x0000000700000000, 0x0000000800000000)
  region size 2048K, 76 young (155648K), 2 survivors (4096K)
 Metaspace       used 17557K, committed 17856K, reserved 1114112K
  class space    used 2377K, committed 2496K, reserved 1048576K
}
Event: 13.604 GC heap after
{Heap after GC invocations=11 (full 0):
 garbage-first heap   total 266240K, used 42142K [0x0000000700000000, 0x0000000800000000)
  region size 2048K, 2 young (4096K), 2 survivors (4096K)
 Metaspace       used 17557K, committed 17856K, reserved 1114112K
  class space    used 2377K, committed 2496K, reserved 1048576K
}
Event: 14.153 GC heap before
{Heap before GC invocations=11 (full 0):
 garbage-first heap   total 266240K, used 193694K [0x0000000700000000, 0x0000000800000000)
  region size 2048K, 76 young (155648K), 2 survivors (4096K)
 Metaspace       used 17575K, committed 17920K, reserved 1114112K
  class space    used 2377K, committed 2496K, reserved 1048576K
}
Event: 14.155 GC heap after
{Heap after GC invocations=12 (full 0):
 garbage-first heap   total 266240K, used 42221K [0x0000000700000000, 0x0000000800000000)
  region size 2048K, 2 young (4096K), 2 survivors (4096K)
 Metaspace       used 17575K, committed 17920K, reserved 1114112K
  class space    used 2377K, committed 2496K, reserved 1048576K
}
Event: 14.752 GC heap before
{Heap before GC invocations=12 (full 0):
 garbage-first heap   total 266240K, used 193773K [0x0000000700000000, 0x0000000800000000)
  region size 2048K, 76 young (155648K), 2 survivors (4096K)
 Metaspace       used 17592K, committed 17920K, reserved 1114112K
  class space    used 2377K, committed 2496K, reserved 1048576K
}
Event: 14.753 GC heap after
{Heap after GC invocations=13 (full 0):
 garbage-first heap   total 266240K, used 42317K [0x0000000700000000, 0x0000000800000000)
  region size 2048K, 2 young (4096K), 2 survivors (4096K)
 Metaspace       used 17592K, committed 17920K, reserved 1114112K
  class space    used 2377K, committed 2496K, reserved 1048576K
}
Event: 15.302 GC heap before
{Heap before GC invocations=13 (full 0):
 garbage-first heap   total 266240K, used 193869K [0x0000000700000000, 0x0000000800000000)
  region size 2048K, 76 young (155648K), 2 survivors (4096K)
 Metaspace       used 17622K, committed 17920K, reserved 1114112K
  class space    used 2377K, committed 2496K, reserved 1048576K
}
Event: 15.303 GC heap after
{Heap after GC invocations=14 (full 0):
 garbage-first heap   total 266240K, used 42364K [0x0000000700000000, 0x0000000800000000)
  region size 2048K, 2 young (4096K), 2 survivors (4096K)
 Metaspace       used 17622K, committed 17920K, reserved 1114112K
  class space    used 2377K, committed 2496K, reserved 1048576K
}

